TN:
SF:index.js
FN:6,(anonymous_0)
FNF:1
FNH:1
FNDA:1,(anonymous_0)
DA:1,1
DA:2,1
DA:3,1
DA:4,1
DA:6,1
DA:7,1
DA:10,1
DA:11,1
DA:14,1
DA:17,1
DA:19,1
DA:21,1
DA:24,1
DA:25,1
LF:14
LH:14
BRF:0
BRH:0
end_of_record
TN:
SF:controllers\RecipesController.js
FN:5,(anonymous_0)
FN:22,(anonymous_1)
FN:76,(anonymous_2)
FN:102,(anonymous_3)
FN:155,(anonymous_4)
FNF:5
FNH:5
FNDA:2,(anonymous_0)
FNDA:5,(anonymous_1)
FNDA:3,(anonymous_2)
FNDA:6,(anonymous_3)
FNDA:2,(anonymous_4)
DA:1,1
DA:3,1
DA:6,2
DA:7,2
DA:9,1
DA:14,1
DA:23,5
DA:25,5
DA:29,5
DA:32,5
DA:33,1
DA:39,4
DA:40,1
DA:47,3
DA:48,2
DA:54,1
DA:61,1
DA:63,0
DA:68,1
DA:77,3
DA:78,3
DA:81,3
DA:82,2
DA:83,2
DA:89,0
DA:94,1
DA:103,6
DA:104,6
DA:106,6
DA:107,1
DA:114,5
DA:115,1
DA:121,4
DA:122,1
DA:128,3
DA:131,3
DA:132,3
DA:133,3
DA:139,0
DA:141,0
DA:142,0
DA:147,0
DA:156,2
DA:158,2
DA:161,2
DA:163,0
DA:168,2
DA:176,1
LF:48
LH:41
BRDA:32,0,0,1
BRDA:32,0,1,4
BRDA:39,1,0,1
BRDA:39,1,1,3
BRDA:47,2,0,2
BRDA:47,2,1,1
BRDA:47,3,0,3
BRDA:47,3,1,1
BRDA:47,3,2,1
BRDA:82,4,0,2
BRDA:82,4,1,0
BRDA:106,5,0,1
BRDA:106,5,1,5
BRDA:114,6,0,1
BRDA:114,6,1,4
BRDA:114,7,0,5
BRDA:114,7,1,3
BRDA:114,7,2,2
BRDA:114,7,3,2
BRDA:121,8,0,1
BRDA:121,8,1,3
BRDA:121,9,0,4
BRDA:121,9,1,2
BRDA:132,10,0,3
BRDA:132,10,1,0
BRF:25
BRH:23
end_of_record
TN:
SF:controllers\UsersController.js
FN:6,generateToken
FN:10,(anonymous_1)
FNF:2
FNH:2
FNDA:1,generateToken
FNDA:6,(anonymous_1)
DA:1,1
DA:2,1
DA:4,1
DA:6,1
DA:8,1
DA:11,6
DA:12,6
DA:13,2
DA:19,4
DA:20,3
DA:21,1
DA:27,2
DA:28,2
DA:29,1
DA:35,1
DA:41,1
DA:42,1
DA:48,1
DA:56,1
LF:19
LH:19
BRDA:12,0,0,2
BRDA:12,0,1,4
BRDA:12,1,0,6
BRDA:12,1,1,5
BRDA:20,2,0,1
BRDA:20,2,1,2
BRDA:28,3,0,1
BRDA:28,3,1,1
BRF:8
BRH:8
end_of_record
TN:
SF:database\dbConection.js
FNF:0
FNH:0
DA:1,1
DA:2,1
DA:5,1
DA:15,1
LF:4
LH:4
BRF:0
BRH:0
end_of_record
TN:
SF:database\models\recipes.js
FNF:0
FNH:0
DA:1,1
DA:3,1
DA:5,1
DA:28,1
DA:31,1
LF:5
LH:5
BRF:0
BRH:0
end_of_record
TN:
SF:database\models\users.js
FNF:0
FNH:0
DA:1,1
DA:3,1
DA:5,1
DA:18,1
DA:21,1
LF:5
LH:5
BRF:0
BRH:0
end_of_record
TN:
SF:database\services\recipes.js
FN:5,(anonymous_0)
FN:10,(anonymous_1)
FN:15,(anonymous_2)
FN:24,(anonymous_3)
FN:29,(anonymous_4)
FNF:5
FNH:3
FNDA:0,(anonymous_0)
FNDA:1,(anonymous_1)
FNDA:5,(anonymous_2)
FNDA:0,(anonymous_3)
FNDA:1,(anonymous_4)
DA:1,1
DA:3,1
DA:6,0
DA:7,0
DA:11,1
DA:12,1
DA:16,5
DA:17,5
DA:18,0
DA:20,5
DA:25,0
DA:26,0
DA:30,1
DA:31,0
DA:35,1
LF:15
LH:9
BRF:0
BRH:0
end_of_record
TN:
SF:database\services\users.js
FN:4,(anonymous_0)
FNF:1
FNH:1
FNDA:3,(anonymous_0)
DA:1,1
DA:3,1
DA:5,3
DA:6,3
DA:7,1
DA:9,2
DA:13,1
LF:7
LH:7
BRDA:6,0,0,1
BRDA:6,0,1,2
BRF:2
BRH:2
end_of_record
TN:
SF:routes\authenticateToken.js
FN:4,authenticateToken
FN:8,(anonymous_1)
FNF:2
FNH:2
FNDA:16,authenticateToken
FNDA:16,(anonymous_1)
DA:2,1
DA:5,16
DA:6,16
DA:8,16
DA:9,16
DA:10,3
DA:14,13
DA:15,13
DA:18,1
LF:9
LH:9
BRDA:6,0,0,16
BRDA:6,0,1,16
BRDA:9,1,0,3
BRDA:9,1,1,13
BRF:4
BRH:4
end_of_record
TN:
SF:routes\index.js
FNF:0
FNH:0
DA:1,1
DA:3,1
DA:5,1
DA:6,1
DA:7,1
DA:10,1
DA:13,1
DA:14,1
DA:15,1
DA:16,1
DA:17,1
DA:19,1
LF:12
LH:12
BRF:0
BRH:0
end_of_record
